<?xml version="1.0" encoding="UTF-8"?>
<testng-results ignored="0" total="13" passed="10" failed="3" skipped="0">
  <reporter-output>
  </reporter-output>
  <suite started-at="2019-11-11T14:14:40Z" name="Default suite" finished-at="2019-11-11T14:15:33Z" duration-ms="53214">
    <groups>
    </groups>
    <test started-at="2019-11-11T14:14:40Z" name="Default test" finished-at="2019-11-11T14:15:33Z" duration-ms="53214">
      <class name="com.atmecs.ToolsninjaAutomation.testScripts.NinjaStoreTestScripts">
        <test-method is-config="true" signature="intitailizeBrowser()[pri:0, instance:com.atmecs.ToolsninjaAutomation.testScripts.NinjaStoreTestScripts@333291e3]" started-at="2019-11-11T14:14:40Z" name="intitailizeBrowser" finished-at="2019-11-11T14:14:44Z" duration-ms="3432" status="PASS">
          <reporter-output>
          </reporter-output>
        </test-method> <!-- intitailizeBrowser -->
        <test-method is-config="true" signature="getUrl()[pri:0, instance:com.atmecs.ToolsninjaAutomation.testScripts.NinjaStoreTestScripts@333291e3]" started-at="2019-11-11T14:14:44Z" name="getUrl" finished-at="2019-11-11T14:14:45Z" duration-ms="1343" status="PASS">
          <reporter-output>
          </reporter-output>
        </test-method> <!-- getUrl -->
        <test-method signature="homePageRedirection()[pri:1, instance:com.atmecs.ToolsninjaAutomation.testScripts.NinjaStoreTestScripts@333291e3]" started-at="2019-11-11T14:14:45Z" name="homePageRedirection" finished-at="2019-11-11T14:14:45Z" duration-ms="57" status="PASS">
          <reporter-output>
          </reporter-output>
        </test-method> <!-- homePageRedirection -->
        <test-method signature="searchProductAndCheckAvailability(java.lang.String, java.lang.String, java.lang.String, java.lang.String)[pri:2, instance:com.atmecs.ToolsninjaAutomation.testScripts.NinjaStoreTestScripts@333291e3]" started-at="2019-11-11T14:14:46Z" name="searchProductAndCheckAvailability" data-provider="products" finished-at="2019-11-11T14:14:53Z" duration-ms="7235" status="PASS">
          <params>
            <param index="0">
              <value>
                <![CDATA[MacBook Air]]>
              </value>
            </param>
            <param index="1">
              <value>
                <![CDATA[$1,202.00]]>
              </value>
            </param>
            <param index="2">
              <value>
                <![CDATA[2.0]]>
              </value>
            </param>
            <param index="3">
              <value>
                <![CDATA[Ex Tax: $1,000.00]]>
              </value>
            </param>
          </params>
          <reporter-output>
          </reporter-output>
        </test-method> <!-- searchProductAndCheckAvailability -->
        <test-method signature="searchProductAndCheckAvailability(java.lang.String, java.lang.String, java.lang.String, java.lang.String)[pri:2, instance:com.atmecs.ToolsninjaAutomation.testScripts.NinjaStoreTestScripts@333291e3]" started-at="2019-11-11T14:14:53Z" name="searchProductAndCheckAvailability" data-provider="products" finished-at="2019-11-11T14:15:03Z" duration-ms="9483" status="PASS">
          <params>
            <param index="0">
              <value>
                <![CDATA[iPhone]]>
              </value>
            </param>
            <param index="1">
              <value>
                <![CDATA[$123.20]]>
              </value>
            </param>
            <param index="2">
              <value>
                <![CDATA[3.0]]>
              </value>
            </param>
            <param index="3">
              <value>
                <![CDATA[Ex Tax: $101.00]]>
              </value>
            </param>
          </params>
          <reporter-output>
          </reporter-output>
        </test-method> <!-- searchProductAndCheckAvailability -->
        <test-method signature="searchProductAndCheckAvailability(java.lang.String, java.lang.String, java.lang.String, java.lang.String)[pri:2, instance:com.atmecs.ToolsninjaAutomation.testScripts.NinjaStoreTestScripts@333291e3]" started-at="2019-11-11T14:15:03Z" name="searchProductAndCheckAvailability" data-provider="products" finished-at="2019-11-11T14:15:03Z" duration-ms="4" status="FAIL">
          <params>
            <param index="0">
              <value is-null="true"/>
            </param>
            <param index="1">
              <value is-null="true"/>
            </param>
            <param index="2">
              <value is-null="true"/>
            </param>
            <param index="3">
              <value is-null="true"/>
            </param>
          </params>
          <exception class="java.lang.NullPointerException">
            <full-stacktrace>
              <![CDATA[java.lang.NullPointerException
at com.atmecs.ToolsninjaAutomation.testflow.NinjaStorePageFlow.searchProduct(NinjaStorePageFlow.java:27)
at com.atmecs.ToolsninjaAutomation.testScripts.NinjaStoreTestScripts.searchProductAndCheckAvailability(NinjaStoreTestScripts.java:58)
at java.base/jdk.internal.reflect.NativeMethodAccessorImpl.invoke0(Native Method)
at java.base/jdk.internal.reflect.NativeMethodAccessorImpl.invoke(NativeMethodAccessorImpl.java:62)
at java.base/jdk.internal.reflect.DelegatingMethodAccessorImpl.invoke(DelegatingMethodAccessorImpl.java:43)
at java.base/java.lang.reflect.Method.invoke(Method.java:567)
at org.testng.internal.MethodInvocationHelper.invokeMethod(MethodInvocationHelper.java:124)
at org.testng.internal.Invoker.invokeMethod(Invoker.java:583)
at org.testng.internal.Invoker.invokeTestMethod(Invoker.java:719)
at org.testng.internal.Invoker.invokeTestMethods(Invoker.java:989)
at org.testng.internal.TestMethodWorker.invokeTestMethods(TestMethodWorker.java:125)
at org.testng.internal.TestMethodWorker.run(TestMethodWorker.java:109)
at org.testng.TestRunner.privateRun(TestRunner.java:648)
at org.testng.TestRunner.run(TestRunner.java:505)
at org.testng.SuiteRunner.runTest(SuiteRunner.java:455)
at org.testng.SuiteRunner.runSequentially(SuiteRunner.java:450)
at org.testng.SuiteRunner.privateRun(SuiteRunner.java:415)
at org.testng.SuiteRunner.run(SuiteRunner.java:364)
at org.testng.SuiteRunnerWorker.runSuite(SuiteRunnerWorker.java:52)
at org.testng.SuiteRunnerWorker.run(SuiteRunnerWorker.java:84)
at org.testng.TestNG.runSuitesSequentially(TestNG.java:1208)
at org.testng.TestNG.runSuitesLocally(TestNG.java:1137)
at org.testng.TestNG.runSuites(TestNG.java:1049)
at org.testng.TestNG.run(TestNG.java:1017)
at org.testng.remote.AbstractRemoteTestNG.run(AbstractRemoteTestNG.java:115)
at org.testng.remote.RemoteTestNG.initAndRun(RemoteTestNG.java:251)
at org.testng.remote.RemoteTestNG.main(RemoteTestNG.java:77)
]]>
            </full-stacktrace>
          </exception> <!-- java.lang.NullPointerException -->
          <reporter-output>
          </reporter-output>
        </test-method> <!-- searchProductAndCheckAvailability -->
        <test-method signature="validateGrandTotal(java.lang.String, java.lang.String, java.lang.String, java.lang.String)[pri:3, instance:com.atmecs.ToolsninjaAutomation.testScripts.NinjaStoreTestScripts@333291e3]" started-at="2019-11-11T14:15:03Z" name="validateGrandTotal" data-provider="products" finished-at="2019-11-11T14:15:08Z" duration-ms="5154" status="PASS">
          <params>
            <param index="0">
              <value>
                <![CDATA[MacBook Air]]>
              </value>
            </param>
            <param index="1">
              <value>
                <![CDATA[$1,202.00]]>
              </value>
            </param>
            <param index="2">
              <value>
                <![CDATA[2.0]]>
              </value>
            </param>
            <param index="3">
              <value>
                <![CDATA[Ex Tax: $1,000.00]]>
              </value>
            </param>
          </params>
          <reporter-output>
          </reporter-output>
        </test-method> <!-- validateGrandTotal -->
        <test-method signature="validateGrandTotal(java.lang.String, java.lang.String, java.lang.String, java.lang.String)[pri:3, instance:com.atmecs.ToolsninjaAutomation.testScripts.NinjaStoreTestScripts@333291e3]" started-at="2019-11-11T14:15:08Z" name="validateGrandTotal" data-provider="products" finished-at="2019-11-11T14:15:13Z" duration-ms="5287" status="PASS">
          <params>
            <param index="0">
              <value>
                <![CDATA[iPhone]]>
              </value>
            </param>
            <param index="1">
              <value>
                <![CDATA[$123.20]]>
              </value>
            </param>
            <param index="2">
              <value>
                <![CDATA[3.0]]>
              </value>
            </param>
            <param index="3">
              <value>
                <![CDATA[Ex Tax: $101.00]]>
              </value>
            </param>
          </params>
          <reporter-output>
          </reporter-output>
        </test-method> <!-- validateGrandTotal -->
        <test-method signature="validateGrandTotal(java.lang.String, java.lang.String, java.lang.String, java.lang.String)[pri:3, instance:com.atmecs.ToolsninjaAutomation.testScripts.NinjaStoreTestScripts@333291e3]" started-at="2019-11-11T14:15:13Z" name="validateGrandTotal" data-provider="products" finished-at="2019-11-11T14:15:21Z" duration-ms="7930" status="FAIL">
          <params>
            <param index="0">
              <value is-null="true"/>
            </param>
            <param index="1">
              <value is-null="true"/>
            </param>
            <param index="2">
              <value is-null="true"/>
            </param>
            <param index="3">
              <value is-null="true"/>
            </param>
          </params>
          <exception class="org.openqa.selenium.NoSuchElementException">
            <message>
              <![CDATA[Unable to find element with xpath == (//div[@class='input-group btn-block']//input[@class='form-control'][1])[3]
For documentation on this error, please visit: https://www.seleniumhq.org/exceptions/no_such_element.html
Build info: version: '3.141.59', revision: 'e82be7d358', time: '2018-11-14T08:17:03'
System info: host: 'ATMECSINLT-038', ip: '55.55.52.193', os.name: 'Windows 10', os.arch: 'amd64', os.version: '10.0', java.version: '12.0.1'
Driver info: org.openqa.selenium.ie.InternetExplorerDriver
Capabilities {acceptInsecureCerts: false, browserName: internet explorer, browserVersion: 11, javascriptEnabled: true, pageLoadStrategy: normal, platform: WINDOWS, platformName: WINDOWS, proxy: Proxy(), se:ieOptions: {browserAttachTimeout: 0, elementScrollBehavior: 0, enablePersistentHover: true, ie.browserCommandLineSwitches: , ie.ensureCleanSession: false, ie.fileUploadDialogTimeout: 3000, ie.forceCreateProcessApi: false, ignoreProtectedModeSettings: false, ignoreZoomSetting: false, initialBrowserUrl: , nativeEvents: true, requireWindowFocus: false}, setWindowRect: true, timeouts: {implicit: 0, pageLoad: 300000, script: 30000}}
Session ID: 33aff5f5-a148-4c6d-ad2b-8fc4027eb1a7
*** Element info: {Using=xpath, value=(//div[@class='input-group btn-block']//input[@class='form-control'][1])[3]}]]>
            </message>
            <full-stacktrace>
              <![CDATA[org.openqa.selenium.NoSuchElementException: Unable to find element with xpath == (//div[@class='input-group btn-block']//input[@class='form-control'][1])[3]
For documentation on this error, please visit: https://www.seleniumhq.org/exceptions/no_such_element.html
Build info: version: '3.141.59', revision: 'e82be7d358', time: '2018-11-14T08:17:03'
System info: host: 'ATMECSINLT-038', ip: '55.55.52.193', os.name: 'Windows 10', os.arch: 'amd64', os.version: '10.0', java.version: '12.0.1'
Driver info: org.openqa.selenium.ie.InternetExplorerDriver
Capabilities {acceptInsecureCerts: false, browserName: internet explorer, browserVersion: 11, javascriptEnabled: true, pageLoadStrategy: normal, platform: WINDOWS, platformName: WINDOWS, proxy: Proxy(), se:ieOptions: {browserAttachTimeout: 0, elementScrollBehavior: 0, enablePersistentHover: true, ie.browserCommandLineSwitches: , ie.ensureCleanSession: false, ie.fileUploadDialogTimeout: 3000, ie.forceCreateProcessApi: false, ignoreProtectedModeSettings: false, ignoreZoomSetting: false, initialBrowserUrl: , nativeEvents: true, requireWindowFocus: false}, setWindowRect: true, timeouts: {implicit: 0, pageLoad: 300000, script: 30000}}
Session ID: 33aff5f5-a148-4c6d-ad2b-8fc4027eb1a7
*** Element info: {Using=xpath, value=(//div[@class='input-group btn-block']//input[@class='form-control'][1])[3]}
at java.base/jdk.internal.reflect.NativeConstructorAccessorImpl.newInstance0(Native Method)
at java.base/jdk.internal.reflect.NativeConstructorAccessorImpl.newInstance(NativeConstructorAccessorImpl.java:62)
at java.base/jdk.internal.reflect.DelegatingConstructorAccessorImpl.newInstance(DelegatingConstructorAccessorImpl.java:45)
at java.base/java.lang.reflect.Constructor.newInstanceWithCaller(Constructor.java:500)
at java.base/java.lang.reflect.Constructor.newInstance(Constructor.java:481)
at org.openqa.selenium.remote.http.W3CHttpResponseCodec.createException(W3CHttpResponseCodec.java:187)
at org.openqa.selenium.remote.http.W3CHttpResponseCodec.decode(W3CHttpResponseCodec.java:122)
at org.openqa.selenium.remote.http.W3CHttpResponseCodec.decode(W3CHttpResponseCodec.java:49)
at org.openqa.selenium.remote.HttpCommandExecutor.execute(HttpCommandExecutor.java:158)
at org.openqa.selenium.remote.service.DriverCommandExecutor.execute(DriverCommandExecutor.java:83)
at org.openqa.selenium.remote.RemoteWebDriver.execute(RemoteWebDriver.java:552)
at org.openqa.selenium.remote.RemoteWebDriver.findElement(RemoteWebDriver.java:323)
at org.openqa.selenium.remote.RemoteWebDriver.findElementByXPath(RemoteWebDriver.java:428)
at org.openqa.selenium.By$ByXPath.findElement(By.java:353)
at org.openqa.selenium.remote.RemoteWebDriver.findElement(RemoteWebDriver.java:315)
at com.atmecs.ToolsninjaAutomation.helpers.WebUtility.selectSelectorType(WebUtility.java:99)
at com.atmecs.ToolsninjaAutomation.helpers.WebUtility.explicitWait(WebUtility.java:378)
at com.atmecs.ToolsninjaAutomation.testflow.NinjaStorePageFlow.manipulateQuantity(NinjaStorePageFlow.java:54)
at com.atmecs.ToolsninjaAutomation.testScripts.NinjaStoreTestScripts.validateGrandTotal(NinjaStoreTestScripts.java:80)
at java.base/jdk.internal.reflect.NativeMethodAccessorImpl.invoke0(Native Method)
at java.base/jdk.internal.reflect.NativeMethodAccessorImpl.invoke(NativeMethodAccessorImpl.java:62)
at java.base/jdk.internal.reflect.DelegatingMethodAccessorImpl.invoke(DelegatingMethodAccessorImpl.java:43)
at java.base/java.lang.reflect.Method.invoke(Method.java:567)
at org.testng.internal.MethodInvocationHelper.invokeMethod(MethodInvocationHelper.java:124)
at org.testng.internal.Invoker.invokeMethod(Invoker.java:583)
at org.testng.internal.Invoker.invokeTestMethod(Invoker.java:719)
at org.testng.internal.Invoker.invokeTestMethods(Invoker.java:989)
at org.testng.internal.TestMethodWorker.invokeTestMethods(TestMethodWorker.java:125)
at org.testng.internal.TestMethodWorker.run(TestMethodWorker.java:109)
at org.testng.TestRunner.privateRun(TestRunner.java:648)
at org.testng.TestRunner.run(TestRunner.java:505)
at org.testng.SuiteRunner.runTest(SuiteRunner.java:455)
at org.testng.SuiteRunner.runSequentially(SuiteRunner.java:450)
at org.testng.SuiteRunner.privateRun(SuiteRunner.java:415)
at org.testng.SuiteRunner.run(SuiteRunner.java:364)
at org.testng.SuiteRunnerWorker.runSuite(SuiteRunnerWorker.java:52)
at org.testng.SuiteRunnerWorker.run(SuiteRunnerWorker.java:84)
at org.testng.TestNG.runSuitesSequentially(TestNG.java:1208)
at org.testng.TestNG.runSuitesLocally(TestNG.java:1137)
at org.testng.TestNG.runSuites(TestNG.java:1049)
at org.testng.TestNG.run(TestNG.java:1017)
at org.testng.remote.AbstractRemoteTestNG.run(AbstractRemoteTestNG.java:115)
at org.testng.remote.RemoteTestNG.initAndRun(RemoteTestNG.java:251)
at org.testng.remote.RemoteTestNG.main(RemoteTestNG.java:77)
]]>
            </full-stacktrace>
          </exception> <!-- org.openqa.selenium.NoSuchElementException -->
          <reporter-output>
          </reporter-output>
        </test-method> <!-- validateGrandTotal -->
        <test-method signature="checkGrandTotal()[pri:4, instance:com.atmecs.ToolsninjaAutomation.testScripts.NinjaStoreTestScripts@333291e3]" started-at="2019-11-11T14:15:21Z" name="checkGrandTotal" finished-at="2019-11-11T14:15:22Z" duration-ms="248" status="PASS">
          <reporter-output>
          </reporter-output>
        </test-method> <!-- checkGrandTotal -->
        <test-method signature="validateGrandTotalAfterRemovingItem()[pri:5, instance:com.atmecs.ToolsninjaAutomation.testScripts.NinjaStoreTestScripts@333291e3]" started-at="2019-11-11T14:15:22Z" name="validateGrandTotalAfterRemovingItem" finished-at="2019-11-11T14:15:25Z" duration-ms="2943" status="PASS">
          <reporter-output>
          </reporter-output>
        </test-method> <!-- validateGrandTotalAfterRemovingItem -->
        <test-method signature="validateErrorMessage(java.lang.String, java.lang.String)[pri:6, instance:com.atmecs.ToolsninjaAutomation.testScripts.NinjaStoreTestScripts@333291e3]" started-at="2019-11-11T14:15:25Z" name="validateErrorMessage" data-provider="wrongProducts" finished-at="2019-11-11T14:15:28Z" duration-ms="3156" status="PASS">
          <params>
            <param index="0">
              <value>
                <![CDATA[sdf]]>
              </value>
            </param>
            <param index="1">
              <value>
                <![CDATA[Your shopping cart is empty!]]>
              </value>
            </param>
          </params>
          <reporter-output>
          </reporter-output>
        </test-method> <!-- validateErrorMessage -->
        <test-method signature="validateErrorMessage(java.lang.String, java.lang.String)[pri:6, instance:com.atmecs.ToolsninjaAutomation.testScripts.NinjaStoreTestScripts@333291e3]" started-at="2019-11-11T14:15:28Z" name="validateErrorMessage" data-provider="wrongProducts" finished-at="2019-11-11T14:15:31Z" duration-ms="3143" status="PASS">
          <params>
            <param index="0">
              <value>
                <![CDATA[sugcg]]>
              </value>
            </param>
            <param index="1">
              <value>
                <![CDATA[Your shopping cart is empty!]]>
              </value>
            </param>
          </params>
          <reporter-output>
          </reporter-output>
        </test-method> <!-- validateErrorMessage -->
        <test-method signature="validateErrorMessage(java.lang.String, java.lang.String)[pri:6, instance:com.atmecs.ToolsninjaAutomation.testScripts.NinjaStoreTestScripts@333291e3]" started-at="2019-11-11T14:15:31Z" name="validateErrorMessage" data-provider="wrongProducts" finished-at="2019-11-11T14:15:33Z" duration-ms="2421" status="PASS">
          <params>
            <param index="0">
              <value>
                <![CDATA[cody]]>
              </value>
            </param>
            <param index="1">
              <value>
                <![CDATA[Your shopping cart is empty!]]>
              </value>
            </param>
          </params>
          <reporter-output>
          </reporter-output>
        </test-method> <!-- validateErrorMessage -->
        <test-method signature="validateErrorMessage(java.lang.String, java.lang.String)[pri:6, instance:com.atmecs.ToolsninjaAutomation.testScripts.NinjaStoreTestScripts@333291e3]" started-at="2019-11-11T14:15:33Z" name="validateErrorMessage" data-provider="wrongProducts" finished-at="2019-11-11T14:15:33Z" duration-ms="0" status="FAIL">
          <params>
            <param index="0">
              <value is-null="true"/>
            </param>
            <param index="1">
              <value is-null="true"/>
            </param>
          </params>
          <exception class="java.lang.NullPointerException">
            <full-stacktrace>
              <![CDATA[java.lang.NullPointerException
at com.atmecs.ToolsninjaAutomation.testflow.NinjaStorePageFlow.searchProduct(NinjaStorePageFlow.java:27)
at com.atmecs.ToolsninjaAutomation.testScripts.NinjaStoreTestScripts.validateErrorMessage(NinjaStoreTestScripts.java:102)
at java.base/jdk.internal.reflect.NativeMethodAccessorImpl.invoke0(Native Method)
at java.base/jdk.internal.reflect.NativeMethodAccessorImpl.invoke(NativeMethodAccessorImpl.java:62)
at java.base/jdk.internal.reflect.DelegatingMethodAccessorImpl.invoke(DelegatingMethodAccessorImpl.java:43)
at java.base/java.lang.reflect.Method.invoke(Method.java:567)
at org.testng.internal.MethodInvocationHelper.invokeMethod(MethodInvocationHelper.java:124)
at org.testng.internal.Invoker.invokeMethod(Invoker.java:583)
at org.testng.internal.Invoker.invokeTestMethod(Invoker.java:719)
at org.testng.internal.Invoker.invokeTestMethods(Invoker.java:989)
at org.testng.internal.TestMethodWorker.invokeTestMethods(TestMethodWorker.java:125)
at org.testng.internal.TestMethodWorker.run(TestMethodWorker.java:109)
at org.testng.TestRunner.privateRun(TestRunner.java:648)
at org.testng.TestRunner.run(TestRunner.java:505)
at org.testng.SuiteRunner.runTest(SuiteRunner.java:455)
at org.testng.SuiteRunner.runSequentially(SuiteRunner.java:450)
at org.testng.SuiteRunner.privateRun(SuiteRunner.java:415)
at org.testng.SuiteRunner.run(SuiteRunner.java:364)
at org.testng.SuiteRunnerWorker.runSuite(SuiteRunnerWorker.java:52)
at org.testng.SuiteRunnerWorker.run(SuiteRunnerWorker.java:84)
at org.testng.TestNG.runSuitesSequentially(TestNG.java:1208)
at org.testng.TestNG.runSuitesLocally(TestNG.java:1137)
at org.testng.TestNG.runSuites(TestNG.java:1049)
at org.testng.TestNG.run(TestNG.java:1017)
at org.testng.remote.AbstractRemoteTestNG.run(AbstractRemoteTestNG.java:115)
at org.testng.remote.RemoteTestNG.initAndRun(RemoteTestNG.java:251)
at org.testng.remote.RemoteTestNG.main(RemoteTestNG.java:77)
]]>
            </full-stacktrace>
          </exception> <!-- java.lang.NullPointerException -->
          <reporter-output>
          </reporter-output>
        </test-method> <!-- validateErrorMessage -->
        <test-method is-config="true" signature="tearResource()[pri:0, instance:com.atmecs.ToolsninjaAutomation.testScripts.NinjaStoreTestScripts@333291e3]" started-at="2019-11-11T14:15:33Z" name="tearResource" finished-at="2019-11-11T14:15:33Z" duration-ms="40" status="PASS">
          <reporter-output>
          </reporter-output>
        </test-method> <!-- tearResource -->
      </class> <!-- com.atmecs.ToolsninjaAutomation.testScripts.NinjaStoreTestScripts -->
    </test> <!-- Default test -->
  </suite> <!-- Default suite -->
</testng-results>
