<?xml version="1.0" encoding="UTF-8"?>
<!-- Generated by org.testng.reporters.JUnitXMLReporter -->
<testsuite ignored="0" hostname="ATMECSINLT-038" failures="0" tests="10" name="heatClinicTestScenario" time="40.742" errors="0" timestamp="11 Nov 2019 14:29:28 GMT">
  <testcase classname="com.atmecs.ToolsninjaAutomation.testScripts.HeatClinicTestScripts" name="validatefooterForServices" time="2.143"/>
  <testcase classname="com.atmecs.ToolsninjaAutomation.testScripts.HeatClinicTestScripts" name="validatefooterForServices" time="1.512"/>
  <testcase classname="com.atmecs.ToolsninjaAutomation.testScripts.HeatClinicTestScripts" name="validatefooterForServices" time="1.239"/>
  <testcase classname="com.atmecs.ToolsninjaAutomation.testScripts.HeatClinicTestScripts" name="validatefooterForServices" time="1.202"/>
  <testcase classname="com.atmecs.ToolsninjaAutomation.testScripts.HeatClinicTestScripts" name="validatefooterForServices" time="1.301"/>
  <testcase classname="com.atmecs.ToolsninjaAutomation.testScripts.HeatClinicTestScripts" name="selectGenderClothing" time="3.771"/>
  <testcase classname="com.atmecs.ToolsninjaAutomation.testScripts.HeatClinicTestScripts" name="validateMensClothing" time="0.236"/>
  <testcase classname="com.atmecs.ToolsninjaAutomation.testScripts.HeatClinicTestScripts" name="chooseShirt" time="13.87"/>
  <testcase classname="com.atmecs.ToolsninjaAutomation.testScripts.HeatClinicTestScripts" name="validateCart" time="4.843"/>
  <testcase classname="com.atmecs.ToolsninjaAutomation.testScripts.HeatClinicTestScripts" name="validateUpdatedGrandTotal" time="4.288"/>
</testsuite> <!-- heatClinicTestScenario -->
