<?xml version="1.0" encoding="UTF-8"?>
<testng-results ignored="0" total="20" passed="17" failed="3" skipped="0">
  <reporter-output>
  </reporter-output>
  <suite started-at="2019-11-11T14:28:47Z" name="heatClinicTestSuite" finished-at="2019-11-11T14:29:28Z" duration-ms="40742">
    <groups>
    </groups>
    <test started-at="2019-11-11T14:28:47Z" name="heatClinicTestScenario" finished-at="2019-11-11T14:29:28Z" duration-ms="40742">
      <class name="com.atmecs.ToolsninjaAutomation.testScripts.HeatClinicTestScripts">
        <test-method is-config="true" signature="intitailizeBrowser()[pri:0, instance:com.atmecs.ToolsninjaAutomation.testScripts.HeatClinicTestScripts@1677d1]" started-at="2019-11-11T14:28:47Z" name="intitailizeBrowser" finished-at="2019-11-11T14:28:51Z" duration-ms="3755" status="PASS">
          <reporter-output>
          </reporter-output>
        </test-method> <!-- intitailizeBrowser -->
        <test-method is-config="true" signature="getUrl()[pri:0, instance:com.atmecs.ToolsninjaAutomation.testScripts.HeatClinicTestScripts@1677d1]" started-at="2019-11-11T14:28:51Z" name="getUrl" finished-at="2019-11-11T14:28:52Z" duration-ms="1123" status="PASS">
          <reporter-output>
          </reporter-output>
        </test-method> <!-- getUrl -->
        <test-method signature="validatefooterForServices(java.lang.String, java.lang.String)[pri:1, instance:com.atmecs.ToolsninjaAutomation.testScripts.HeatClinicTestScripts@1677d1]" started-at="2019-11-11T14:28:53Z" name="validatefooterForServices" data-provider="headers" finished-at="2019-11-11T14:28:55Z" duration-ms="2143" status="PASS">
          <params>
            <param index="0">
              <value>
                <![CDATA[Hot Sauces]]>
              </value>
            </param>
            <param index="1">
              <value>
                <![CDATA[Broadleaf Commerce Demo Store - Heat Clinic - Hot Sauces]]>
              </value>
            </param>
          </params>
          <reporter-output>
          </reporter-output>
        </test-method> <!-- validatefooterForServices -->
        <test-method signature="validatefooterForServices(java.lang.String, java.lang.String)[pri:1, instance:com.atmecs.ToolsninjaAutomation.testScripts.HeatClinicTestScripts@1677d1]" started-at="2019-11-11T14:28:55Z" name="validatefooterForServices" data-provider="headers" finished-at="2019-11-11T14:28:57Z" duration-ms="1512" status="PASS">
          <params>
            <param index="0">
              <value>
                <![CDATA[Merchandise]]>
              </value>
            </param>
            <param index="1">
              <value>
                <![CDATA[Broadleaf Commerce Demo Store - Heat Clinic - Merchandise]]>
              </value>
            </param>
          </params>
          <reporter-output>
          </reporter-output>
        </test-method> <!-- validatefooterForServices -->
        <test-method signature="validatefooterForServices(java.lang.String, java.lang.String)[pri:1, instance:com.atmecs.ToolsninjaAutomation.testScripts.HeatClinicTestScripts@1677d1]" started-at="2019-11-11T14:28:57Z" name="validatefooterForServices" data-provider="headers" finished-at="2019-11-11T14:28:58Z" duration-ms="1239" status="PASS">
          <params>
            <param index="0">
              <value>
                <![CDATA[Clearance]]>
              </value>
            </param>
            <param index="1">
              <value>
                <![CDATA[Broadleaf Commerce Demo Store - Heat Clinic - Clearance]]>
              </value>
            </param>
          </params>
          <reporter-output>
          </reporter-output>
        </test-method> <!-- validatefooterForServices -->
        <test-method signature="validatefooterForServices(java.lang.String, java.lang.String)[pri:1, instance:com.atmecs.ToolsninjaAutomation.testScripts.HeatClinicTestScripts@1677d1]" started-at="2019-11-11T14:28:58Z" name="validatefooterForServices" data-provider="headers" finished-at="2019-11-11T14:28:59Z" duration-ms="1202" status="PASS">
          <params>
            <param index="0">
              <value>
                <![CDATA[New to Hot Sauce?]]>
              </value>
            </param>
            <param index="1">
              <value>
                <![CDATA[Broadleaf Commerce Demo Store - Heat Clinic - New to Hot Sauce]]>
              </value>
            </param>
          </params>
          <reporter-output>
          </reporter-output>
        </test-method> <!-- validatefooterForServices -->
        <test-method signature="validatefooterForServices(java.lang.String, java.lang.String)[pri:1, instance:com.atmecs.ToolsninjaAutomation.testScripts.HeatClinicTestScripts@1677d1]" started-at="2019-11-11T14:28:59Z" name="validatefooterForServices" data-provider="headers" finished-at="2019-11-11T14:29:01Z" duration-ms="1301" status="PASS">
          <params>
            <param index="0">
              <value>
                <![CDATA[FAQ]]>
              </value>
            </param>
            <param index="1">
              <value>
                <![CDATA[Broadleaf Commerce Demo Store - Heat Clinic - FAQ]]>
              </value>
            </param>
          </params>
          <reporter-output>
          </reporter-output>
        </test-method> <!-- validatefooterForServices -->
        <test-method signature="selectGenderClothing()[pri:2, instance:com.atmecs.ToolsninjaAutomation.testScripts.HeatClinicTestScripts@1677d1]" started-at="2019-11-11T14:29:01Z" name="selectGenderClothing" finished-at="2019-11-11T14:29:04Z" duration-ms="3771" status="PASS">
          <reporter-output>
          </reporter-output>
        </test-method> <!-- selectGenderClothing -->
        <test-method signature="validateMensClothing()[pri:3, instance:com.atmecs.ToolsninjaAutomation.testScripts.HeatClinicTestScripts@1677d1]" started-at="2019-11-11T14:29:04Z" name="validateMensClothing" finished-at="2019-11-11T14:29:05Z" duration-ms="236" status="PASS">
          <reporter-output>
          </reporter-output>
        </test-method> <!-- validateMensClothing -->
        <test-method signature="chooseShirt()[pri:4, instance:com.atmecs.ToolsninjaAutomation.testScripts.HeatClinicTestScripts@1677d1]" started-at="2019-11-11T14:29:05Z" name="chooseShirt" finished-at="2019-11-11T14:29:18Z" duration-ms="13870" status="PASS">
          <reporter-output>
          </reporter-output>
        </test-method> <!-- chooseShirt -->
        <test-method signature="validateCart(java.lang.String, java.lang.String, java.lang.String, java.lang.String, java.lang.String, java.lang.String)[pri:5, instance:com.atmecs.ToolsninjaAutomation.testScripts.HeatClinicTestScripts@1677d1]" started-at="2019-11-11T14:29:19Z" name="validateCart" data-provider="cartDetails" finished-at="2019-11-11T14:29:23Z" duration-ms="4843" status="PASS">
          <params>
            <param index="0">
              <value>
                <![CDATA[Hawt Like a Habanero Shirt (Men's)]]>
              </value>
            </param>
            <param index="1">
              <value>
                <![CDATA[Shirt Size: M]]>
              </value>
            </param>
            <param index="2">
              <value>
                <![CDATA[Personalized Name: cody]]>
              </value>
            </param>
            <param index="3">
              <value>
                <![CDATA[Shirt Color: Red]]>
              </value>
            </param>
            <param index="4">
              <value>
                <![CDATA[14.99]]>
              </value>
            </param>
            <param index="5">
              <value>
                <![CDATA[14.99]]>
              </value>
            </param>
          </params>
          <reporter-output>
          </reporter-output>
        </test-method> <!-- validateCart -->
        <test-method signature="validateUpdatedGrandTotal()[pri:6, instance:com.atmecs.ToolsninjaAutomation.testScripts.HeatClinicTestScripts@1677d1]" started-at="2019-11-11T14:29:23Z" name="validateUpdatedGrandTotal" finished-at="2019-11-11T14:29:28Z" duration-ms="4288" status="PASS">
          <reporter-output>
          </reporter-output>
        </test-method> <!-- validateUpdatedGrandTotal -->
        <test-method is-config="true" signature="tearResource()[pri:0, instance:com.atmecs.ToolsninjaAutomation.testScripts.HeatClinicTestScripts@1677d1]" started-at="2019-11-11T14:29:28Z" name="tearResource" finished-at="2019-11-11T14:29:28Z" duration-ms="141" status="PASS">
          <reporter-output>
          </reporter-output>
        </test-method> <!-- tearResource -->
      </class> <!-- com.atmecs.ToolsninjaAutomation.testScripts.HeatClinicTestScripts -->
    </test> <!-- heatClinicTestScenario -->
  </suite> <!-- heatClinicTestSuite -->
  <suite started-at="2019-11-11T14:29:28Z" name="ninjaStoreTestSuite" finished-at="2019-11-11T14:30:04Z" duration-ms="35812">
    <groups>
    </groups>
    <test started-at="2019-11-11T14:29:28Z" name="ninjaStoreTestScenario" finished-at="2019-11-11T14:30:04Z" duration-ms="35812">
      <class name="com.atmecs.ToolsninjaAutomation.testScripts.NinjaStoreTestScripts">
        <test-method is-config="true" signature="intitailizeBrowser()[pri:0, instance:com.atmecs.ToolsninjaAutomation.testScripts.NinjaStoreTestScripts@22a637e7]" started-at="2019-11-11T14:29:28Z" name="intitailizeBrowser" finished-at="2019-11-11T14:29:31Z" duration-ms="2704" status="PASS">
          <reporter-output>
          </reporter-output>
        </test-method> <!-- intitailizeBrowser -->
        <test-method is-config="true" signature="getUrl()[pri:0, instance:com.atmecs.ToolsninjaAutomation.testScripts.NinjaStoreTestScripts@22a637e7]" started-at="2019-11-11T14:29:31Z" name="getUrl" finished-at="2019-11-11T14:29:32Z" duration-ms="1388" status="PASS">
          <reporter-output>
          </reporter-output>
        </test-method> <!-- getUrl -->
        <test-method signature="homePageRedirection()[pri:1, instance:com.atmecs.ToolsninjaAutomation.testScripts.NinjaStoreTestScripts@22a637e7]" started-at="2019-11-11T14:29:32Z" name="homePageRedirection" finished-at="2019-11-11T14:29:32Z" duration-ms="95" status="PASS">
          <reporter-output>
          </reporter-output>
        </test-method> <!-- homePageRedirection -->
        <test-method signature="searchProductAndCheckAvailability(java.lang.String, java.lang.String, java.lang.String, java.lang.String)[pri:2, instance:com.atmecs.ToolsninjaAutomation.testScripts.NinjaStoreTestScripts@22a637e7]" started-at="2019-11-11T14:29:32Z" name="searchProductAndCheckAvailability" data-provider="products" finished-at="2019-11-11T14:29:40Z" duration-ms="7838" status="PASS">
          <params>
            <param index="0">
              <value>
                <![CDATA[MacBook Air]]>
              </value>
            </param>
            <param index="1">
              <value>
                <![CDATA[$1,202.00]]>
              </value>
            </param>
            <param index="2">
              <value>
                <![CDATA[2.0]]>
              </value>
            </param>
            <param index="3">
              <value>
                <![CDATA[Ex Tax: $1,000.00]]>
              </value>
            </param>
          </params>
          <reporter-output>
          </reporter-output>
        </test-method> <!-- searchProductAndCheckAvailability -->
        <test-method signature="searchProductAndCheckAvailability(java.lang.String, java.lang.String, java.lang.String, java.lang.String)[pri:2, instance:com.atmecs.ToolsninjaAutomation.testScripts.NinjaStoreTestScripts@22a637e7]" started-at="2019-11-11T14:29:40Z" name="searchProductAndCheckAvailability" data-provider="products" finished-at="2019-11-11T14:29:48Z" duration-ms="8084" status="PASS">
          <params>
            <param index="0">
              <value>
                <![CDATA[iPhone]]>
              </value>
            </param>
            <param index="1">
              <value>
                <![CDATA[$123.20]]>
              </value>
            </param>
            <param index="2">
              <value>
                <![CDATA[3.0]]>
              </value>
            </param>
            <param index="3">
              <value>
                <![CDATA[Ex Tax: $101.00]]>
              </value>
            </param>
          </params>
          <reporter-output>
          </reporter-output>
        </test-method> <!-- searchProductAndCheckAvailability -->
        <test-method signature="validateGrandTotal(java.lang.String, java.lang.String, java.lang.String, java.lang.String)[pri:3, instance:com.atmecs.ToolsninjaAutomation.testScripts.NinjaStoreTestScripts@22a637e7]" started-at="2019-11-11T14:29:48Z" name="validateGrandTotal" data-provider="products" finished-at="2019-11-11T14:29:49Z" duration-ms="727" status="FAIL">
          <params>
            <param index="0">
              <value>
                <![CDATA[MacBook Air]]>
              </value>
            </param>
            <param index="1">
              <value>
                <![CDATA[$1,202.00]]>
              </value>
            </param>
            <param index="2">
              <value>
                <![CDATA[2.0]]>
              </value>
            </param>
            <param index="3">
              <value>
                <![CDATA[Ex Tax: $1,000.00]]>
              </value>
            </param>
          </params>
          <exception class="org.openqa.selenium.interactions.MoveTargetOutOfBoundsException">
            <message>
              <![CDATA[Cannot click on element
Build info: version: '3.141.59', revision: 'e82be7d358', time: '2018-11-14T08:17:03'
System info: host: 'ATMECSINLT-038', ip: '55.55.52.193', os.name: 'Windows 10', os.arch: 'amd64', os.version: '10.0', java.version: '12.0.1'
Driver info: org.openqa.selenium.ie.InternetExplorerDriver
Capabilities {acceptInsecureCerts: false, browserName: internet explorer, browserVersion: 11, javascriptEnabled: true, pageLoadStrategy: normal, platform: WINDOWS, platformName: WINDOWS, proxy: Proxy(), se:ieOptions: {browserAttachTimeout: 0, elementScrollBehavior: 0, enablePersistentHover: true, ie.browserCommandLineSwitches: , ie.ensureCleanSession: false, ie.fileUploadDialogTimeout: 3000, ie.forceCreateProcessApi: false, ignoreProtectedModeSettings: false, ignoreZoomSetting: false, initialBrowserUrl: , nativeEvents: true, requireWindowFocus: false}, setWindowRect: true, timeouts: {implicit: 0, pageLoad: 300000, script: 30000}}
Session ID: e7fda686-1c3d-44e0-bf2c-86420b0dd1cc]]>
            </message>
            <full-stacktrace>
              <![CDATA[org.openqa.selenium.interactions.MoveTargetOutOfBoundsException: Cannot click on element
Build info: version: '3.141.59', revision: 'e82be7d358', time: '2018-11-14T08:17:03'
System info: host: 'ATMECSINLT-038', ip: '55.55.52.193', os.name: 'Windows 10', os.arch: 'amd64', os.version: '10.0', java.version: '12.0.1'
Driver info: org.openqa.selenium.ie.InternetExplorerDriver
Capabilities {acceptInsecureCerts: false, browserName: internet explorer, browserVersion: 11, javascriptEnabled: true, pageLoadStrategy: normal, platform: WINDOWS, platformName: WINDOWS, proxy: Proxy(), se:ieOptions: {browserAttachTimeout: 0, elementScrollBehavior: 0, enablePersistentHover: true, ie.browserCommandLineSwitches: , ie.ensureCleanSession: false, ie.fileUploadDialogTimeout: 3000, ie.forceCreateProcessApi: false, ignoreProtectedModeSettings: false, ignoreZoomSetting: false, initialBrowserUrl: , nativeEvents: true, requireWindowFocus: false}, setWindowRect: true, timeouts: {implicit: 0, pageLoad: 300000, script: 30000}}
Session ID: e7fda686-1c3d-44e0-bf2c-86420b0dd1cc
at java.base/jdk.internal.reflect.NativeConstructorAccessorImpl.newInstance0(Native Method)
at java.base/jdk.internal.reflect.NativeConstructorAccessorImpl.newInstance(NativeConstructorAccessorImpl.java:62)
at java.base/jdk.internal.reflect.DelegatingConstructorAccessorImpl.newInstance(DelegatingConstructorAccessorImpl.java:45)
at java.base/java.lang.reflect.Constructor.newInstanceWithCaller(Constructor.java:500)
at java.base/java.lang.reflect.Constructor.newInstance(Constructor.java:481)
at org.openqa.selenium.remote.http.W3CHttpResponseCodec.createException(W3CHttpResponseCodec.java:187)
at org.openqa.selenium.remote.http.W3CHttpResponseCodec.decode(W3CHttpResponseCodec.java:122)
at org.openqa.selenium.remote.http.W3CHttpResponseCodec.decode(W3CHttpResponseCodec.java:49)
at org.openqa.selenium.remote.HttpCommandExecutor.execute(HttpCommandExecutor.java:158)
at org.openqa.selenium.remote.service.DriverCommandExecutor.execute(DriverCommandExecutor.java:83)
at org.openqa.selenium.remote.RemoteWebDriver.execute(RemoteWebDriver.java:552)
at org.openqa.selenium.remote.RemoteWebElement.execute(RemoteWebElement.java:285)
at org.openqa.selenium.remote.RemoteWebElement.click(RemoteWebElement.java:84)
at com.atmecs.ToolsninjaAutomation.helpers.WebUtility$1.apply(WebUtility.java:129)
at com.atmecs.ToolsninjaAutomation.helpers.WebUtility$1.apply(WebUtility.java:1)
at org.openqa.selenium.support.ui.FluentWait.until(FluentWait.java:249)
at com.atmecs.ToolsninjaAutomation.helpers.WebUtility.clickElement(WebUtility.java:126)
at com.atmecs.ToolsninjaAutomation.testflow.NinjaStorePageFlow.manipulateQuantity(NinjaStorePageFlow.java:53)
at com.atmecs.ToolsninjaAutomation.testScripts.NinjaStoreTestScripts.validateGrandTotal(NinjaStoreTestScripts.java:80)
at java.base/jdk.internal.reflect.NativeMethodAccessorImpl.invoke0(Native Method)
at java.base/jdk.internal.reflect.NativeMethodAccessorImpl.invoke(NativeMethodAccessorImpl.java:62)
at java.base/jdk.internal.reflect.DelegatingMethodAccessorImpl.invoke(DelegatingMethodAccessorImpl.java:43)
at java.base/java.lang.reflect.Method.invoke(Method.java:567)
at org.testng.internal.MethodInvocationHelper.invokeMethod(MethodInvocationHelper.java:124)
at org.testng.internal.Invoker.invokeMethod(Invoker.java:583)
at org.testng.internal.Invoker.invokeTestMethod(Invoker.java:719)
at org.testng.internal.Invoker.invokeTestMethods(Invoker.java:989)
at org.testng.internal.TestMethodWorker.invokeTestMethods(TestMethodWorker.java:125)
at org.testng.internal.TestMethodWorker.run(TestMethodWorker.java:109)
at org.testng.TestRunner.privateRun(TestRunner.java:648)
at org.testng.TestRunner.run(TestRunner.java:505)
at org.testng.SuiteRunner.runTest(SuiteRunner.java:455)
at org.testng.SuiteRunner.runSequentially(SuiteRunner.java:450)
at org.testng.SuiteRunner.privateRun(SuiteRunner.java:415)
at org.testng.SuiteRunner.run(SuiteRunner.java:364)
at org.testng.SuiteRunnerWorker.runSuite(SuiteRunnerWorker.java:52)
at org.testng.SuiteRunnerWorker.run(SuiteRunnerWorker.java:84)
at org.testng.TestNG.runSuitesSequentially(TestNG.java:1208)
at org.testng.TestNG.runSuitesSequentially(TestNG.java:1204)
at org.testng.TestNG.runSuitesLocally(TestNG.java:1137)
at org.testng.TestNG.runSuites(TestNG.java:1049)
at org.testng.TestNG.run(TestNG.java:1017)
at org.apache.maven.surefire.testng.TestNGExecutor.run(TestNGExecutor.java:283)
at org.apache.maven.surefire.testng.TestNGXmlTestSuite.execute(TestNGXmlTestSuite.java:75)
at org.apache.maven.surefire.testng.TestNGProvider.invoke(TestNGProvider.java:120)
at org.apache.maven.surefire.booter.ForkedBooter.invokeProviderInSameClassLoader(ForkedBooter.java:384)
at org.apache.maven.surefire.booter.ForkedBooter.runSuitesInProcess(ForkedBooter.java:345)
at org.apache.maven.surefire.booter.ForkedBooter.execute(ForkedBooter.java:126)
at org.apache.maven.surefire.booter.ForkedBooter.main(ForkedBooter.java:418)
]]>
            </full-stacktrace>
          </exception> <!-- org.openqa.selenium.interactions.MoveTargetOutOfBoundsException -->
          <reporter-output>
          </reporter-output>
        </test-method> <!-- validateGrandTotal -->
        <test-method signature="validateGrandTotal(java.lang.String, java.lang.String, java.lang.String, java.lang.String)[pri:3, instance:com.atmecs.ToolsninjaAutomation.testScripts.NinjaStoreTestScripts@22a637e7]" started-at="2019-11-11T14:29:49Z" name="validateGrandTotal" data-provider="products" finished-at="2019-11-11T14:29:54Z" duration-ms="4707" status="PASS">
          <params>
            <param index="0">
              <value>
                <![CDATA[iPhone]]>
              </value>
            </param>
            <param index="1">
              <value>
                <![CDATA[$123.20]]>
              </value>
            </param>
            <param index="2">
              <value>
                <![CDATA[3.0]]>
              </value>
            </param>
            <param index="3">
              <value>
                <![CDATA[Ex Tax: $101.00]]>
              </value>
            </param>
          </params>
          <reporter-output>
          </reporter-output>
        </test-method> <!-- validateGrandTotal -->
        <test-method signature="checkGrandTotal()[pri:4, instance:com.atmecs.ToolsninjaAutomation.testScripts.NinjaStoreTestScripts@22a637e7]" started-at="2019-11-11T14:29:54Z" name="checkGrandTotal" finished-at="2019-11-11T14:29:54Z" duration-ms="160" status="FAIL">
          <exception class="java.lang.AssertionError">
            <message>
              <![CDATA[grandtotal is not correct expected [$3,852.40] but found [$1,571.60]]]>
            </message>
            <full-stacktrace>
              <![CDATA[java.lang.AssertionError: grandtotal is not correct expected [$3,852.40] but found [$1,571.60]
at org.testng.Assert.fail(Assert.java:96)
at org.testng.Assert.failNotEquals(Assert.java:776)
at org.testng.Assert.assertEqualsImpl(Assert.java:137)
at org.testng.Assert.assertEquals(Assert.java:118)
at org.testng.Assert.assertEquals(Assert.java:453)
at com.atmecs.ToolsninjaAutomation.pages.HomePage.isGrandTotalCorrect(HomePage.java:105)
at com.atmecs.ToolsninjaAutomation.testScripts.NinjaStoreTestScripts.checkGrandTotal(NinjaStoreTestScripts.java:88)
at java.base/jdk.internal.reflect.NativeMethodAccessorImpl.invoke0(Native Method)
at java.base/jdk.internal.reflect.NativeMethodAccessorImpl.invoke(NativeMethodAccessorImpl.java:62)
at java.base/jdk.internal.reflect.DelegatingMethodAccessorImpl.invoke(DelegatingMethodAccessorImpl.java:43)
at java.base/java.lang.reflect.Method.invoke(Method.java:567)
at org.testng.internal.MethodInvocationHelper.invokeMethod(MethodInvocationHelper.java:124)
at org.testng.internal.Invoker.invokeMethod(Invoker.java:583)
at org.testng.internal.Invoker.invokeTestMethod(Invoker.java:719)
at org.testng.internal.Invoker.invokeTestMethods(Invoker.java:989)
at org.testng.internal.TestMethodWorker.invokeTestMethods(TestMethodWorker.java:125)
at org.testng.internal.TestMethodWorker.run(TestMethodWorker.java:109)
at org.testng.TestRunner.privateRun(TestRunner.java:648)
at org.testng.TestRunner.run(TestRunner.java:505)
at org.testng.SuiteRunner.runTest(SuiteRunner.java:455)
at org.testng.SuiteRunner.runSequentially(SuiteRunner.java:450)
at org.testng.SuiteRunner.privateRun(SuiteRunner.java:415)
at org.testng.SuiteRunner.run(SuiteRunner.java:364)
at org.testng.SuiteRunnerWorker.runSuite(SuiteRunnerWorker.java:52)
at org.testng.SuiteRunnerWorker.run(SuiteRunnerWorker.java:84)
at org.testng.TestNG.runSuitesSequentially(TestNG.java:1208)
at org.testng.TestNG.runSuitesSequentially(TestNG.java:1204)
at org.testng.TestNG.runSuitesLocally(TestNG.java:1137)
at org.testng.TestNG.runSuites(TestNG.java:1049)
at org.testng.TestNG.run(TestNG.java:1017)
at org.apache.maven.surefire.testng.TestNGExecutor.run(TestNGExecutor.java:283)
at org.apache.maven.surefire.testng.TestNGXmlTestSuite.execute(TestNGXmlTestSuite.java:75)
at org.apache.maven.surefire.testng.TestNGProvider.invoke(TestNGProvider.java:120)
at org.apache.maven.surefire.booter.ForkedBooter.invokeProviderInSameClassLoader(ForkedBooter.java:384)
at org.apache.maven.surefire.booter.ForkedBooter.runSuitesInProcess(ForkedBooter.java:345)
at org.apache.maven.surefire.booter.ForkedBooter.execute(ForkedBooter.java:126)
at org.apache.maven.surefire.booter.ForkedBooter.main(ForkedBooter.java:418)
]]>
            </full-stacktrace>
          </exception> <!-- java.lang.AssertionError -->
          <reporter-output>
          </reporter-output>
        </test-method> <!-- checkGrandTotal -->
        <test-method signature="validateGrandTotalAfterRemovingItem()[pri:5, instance:com.atmecs.ToolsninjaAutomation.testScripts.NinjaStoreTestScripts@22a637e7]" started-at="2019-11-11T14:29:54Z" name="validateGrandTotalAfterRemovingItem" finished-at="2019-11-11T14:29:57Z" duration-ms="3055" status="FAIL">
          <exception class="java.lang.AssertionError">
            <message>
              <![CDATA[grandtotal is not correct expected [$3,606.00] but found [$1,202.00]]]>
            </message>
            <full-stacktrace>
              <![CDATA[java.lang.AssertionError: grandtotal is not correct expected [$3,606.00] but found [$1,202.00]
at org.testng.Assert.fail(Assert.java:96)
at org.testng.Assert.failNotEquals(Assert.java:776)
at org.testng.Assert.assertEqualsImpl(Assert.java:137)
at org.testng.Assert.assertEquals(Assert.java:118)
at org.testng.Assert.assertEquals(Assert.java:453)
at com.atmecs.ToolsninjaAutomation.pages.HomePage.isGrandTotalCorrect(HomePage.java:105)
at com.atmecs.ToolsninjaAutomation.testScripts.NinjaStoreTestScripts.validateGrandTotalAfterRemovingItem(NinjaStoreTestScripts.java:95)
at java.base/jdk.internal.reflect.NativeMethodAccessorImpl.invoke0(Native Method)
at java.base/jdk.internal.reflect.NativeMethodAccessorImpl.invoke(NativeMethodAccessorImpl.java:62)
at java.base/jdk.internal.reflect.DelegatingMethodAccessorImpl.invoke(DelegatingMethodAccessorImpl.java:43)
at java.base/java.lang.reflect.Method.invoke(Method.java:567)
at org.testng.internal.MethodInvocationHelper.invokeMethod(MethodInvocationHelper.java:124)
at org.testng.internal.Invoker.invokeMethod(Invoker.java:583)
at org.testng.internal.Invoker.invokeTestMethod(Invoker.java:719)
at org.testng.internal.Invoker.invokeTestMethods(Invoker.java:989)
at org.testng.internal.TestMethodWorker.invokeTestMethods(TestMethodWorker.java:125)
at org.testng.internal.TestMethodWorker.run(TestMethodWorker.java:109)
at org.testng.TestRunner.privateRun(TestRunner.java:648)
at org.testng.TestRunner.run(TestRunner.java:505)
at org.testng.SuiteRunner.runTest(SuiteRunner.java:455)
at org.testng.SuiteRunner.runSequentially(SuiteRunner.java:450)
at org.testng.SuiteRunner.privateRun(SuiteRunner.java:415)
at org.testng.SuiteRunner.run(SuiteRunner.java:364)
at org.testng.SuiteRunnerWorker.runSuite(SuiteRunnerWorker.java:52)
at org.testng.SuiteRunnerWorker.run(SuiteRunnerWorker.java:84)
at org.testng.TestNG.runSuitesSequentially(TestNG.java:1208)
at org.testng.TestNG.runSuitesSequentially(TestNG.java:1204)
at org.testng.TestNG.runSuitesLocally(TestNG.java:1137)
at org.testng.TestNG.runSuites(TestNG.java:1049)
at org.testng.TestNG.run(TestNG.java:1017)
at org.apache.maven.surefire.testng.TestNGExecutor.run(TestNGExecutor.java:283)
at org.apache.maven.surefire.testng.TestNGXmlTestSuite.execute(TestNGXmlTestSuite.java:75)
at org.apache.maven.surefire.testng.TestNGProvider.invoke(TestNGProvider.java:120)
at org.apache.maven.surefire.booter.ForkedBooter.invokeProviderInSameClassLoader(ForkedBooter.java:384)
at org.apache.maven.surefire.booter.ForkedBooter.runSuitesInProcess(ForkedBooter.java:345)
at org.apache.maven.surefire.booter.ForkedBooter.execute(ForkedBooter.java:126)
at org.apache.maven.surefire.booter.ForkedBooter.main(ForkedBooter.java:418)
]]>
            </full-stacktrace>
          </exception> <!-- java.lang.AssertionError -->
          <reporter-output>
          </reporter-output>
        </test-method> <!-- validateGrandTotalAfterRemovingItem -->
        <test-method signature="validateErrorMessage(java.lang.String, java.lang.String)[pri:6, instance:com.atmecs.ToolsninjaAutomation.testScripts.NinjaStoreTestScripts@22a637e7]" started-at="2019-11-11T14:29:57Z" name="validateErrorMessage" data-provider="wrongProducts" finished-at="2019-11-11T14:29:59Z" duration-ms="2423" status="PASS">
          <params>
            <param index="0">
              <value>
                <![CDATA[sdf]]>
              </value>
            </param>
            <param index="1">
              <value>
                <![CDATA[Your shopping cart is empty!]]>
              </value>
            </param>
          </params>
          <reporter-output>
          </reporter-output>
        </test-method> <!-- validateErrorMessage -->
        <test-method signature="validateErrorMessage(java.lang.String, java.lang.String)[pri:6, instance:com.atmecs.ToolsninjaAutomation.testScripts.NinjaStoreTestScripts@22a637e7]" started-at="2019-11-11T14:29:59Z" name="validateErrorMessage" data-provider="wrongProducts" finished-at="2019-11-11T14:30:02Z" duration-ms="2239" status="PASS">
          <params>
            <param index="0">
              <value>
                <![CDATA[sugcg]]>
              </value>
            </param>
            <param index="1">
              <value>
                <![CDATA[Your shopping cart is empty!]]>
              </value>
            </param>
          </params>
          <reporter-output>
          </reporter-output>
        </test-method> <!-- validateErrorMessage -->
        <test-method signature="validateErrorMessage(java.lang.String, java.lang.String)[pri:6, instance:com.atmecs.ToolsninjaAutomation.testScripts.NinjaStoreTestScripts@22a637e7]" started-at="2019-11-11T14:30:02Z" name="validateErrorMessage" data-provider="wrongProducts" finished-at="2019-11-11T14:30:04Z" duration-ms="2136" status="PASS">
          <params>
            <param index="0">
              <value>
                <![CDATA[cody]]>
              </value>
            </param>
            <param index="1">
              <value>
                <![CDATA[Your shopping cart is empty!]]>
              </value>
            </param>
          </params>
          <reporter-output>
          </reporter-output>
        </test-method> <!-- validateErrorMessage -->
        <test-method is-config="true" signature="tearResource()[pri:0, instance:com.atmecs.ToolsninjaAutomation.testScripts.NinjaStoreTestScripts@22a637e7]" started-at="2019-11-11T14:30:04Z" name="tearResource" finished-at="2019-11-11T14:30:04Z" duration-ms="20" status="PASS">
          <reporter-output>
          </reporter-output>
        </test-method> <!-- tearResource -->
      </class> <!-- com.atmecs.ToolsninjaAutomation.testScripts.NinjaStoreTestScripts -->
    </test> <!-- ninjaStoreTestScenario -->
  </suite> <!-- ninjaStoreTestSuite -->
  <suite started-at="2019-11-11T14:30:04Z" name="heatClinicAndNinjaStoreTestSuites" finished-at="2019-11-11T14:30:04Z" duration-ms="0">
    <groups>
    </groups>
  </suite> <!-- heatClinicAndNinjaStoreTestSuites -->
</testng-results>
